<?xml version="1.0" encoding="UTF-8"?>
<!-- Generated by org.testng.reporters.JUnitReportReporter -->
<testsuite hostname="DESKTOP-TU5HT4T" failures="0" tests="6" name="Sample" time="0.017" errors="0" timestamp="05 Aug 2023 10:29:07 GMT" skipped="1">
  <testcase classname="Sample" name="Tc03" time="0.006"/>
  <testcase classname="Sample" name="Tc03" time="0.002"/>
  <testcase classname="Sample" name="Tc03" time="0.003"/>
  <testcase classname="Sample" name="Tc03" time="0.003"/>
  <testcase classname="Sample" name="Tc02" time="0.003"/>
  <testcase classname="Sample" name="Tc01">
    <skipped/>
  </testcase> <!-- Tc01 -->
</testsuite> <!-- Sample -->
