<?xml version="1.0" encoding="UTF-8"?>
<!-- Generated by org.testng.reporters.JUnitReportReporter -->
<testsuite hostname="DESKTOP-TU5HT4T" failures="0" tests="2" name="org.Example.C" time="0.012" errors="0" timestamp="05 Aug 2023 13:05:16 GMT" skipped="0">
  <testcase classname="org.Example.C" name="Tc0322" time="0.002"/>
  <testcase classname="org.Example.C" name="Tc0222" time="0.010"/>
</testsuite> <!-- org.Example.C -->
