<?xml version="1.0" encoding="UTF-8"?>
<!-- Generated by org.testng.reporters.JUnitReportReporter -->
<testsuite hostname="DESKTOP-TU5HT4T" failures="0" tests="1" name="org.Example.Sample02" time="0.002" errors="0" timestamp="05 Aug 2023 10:39:04 GMT" skipped="0">
  <testcase classname="org.Example.Sample02" name="hai" time="0.002"/>
</testsuite> <!-- org.Example.Sample02 -->
