<?xml version="1.0" encoding="UTF-8"?>
<!-- Generated by org.testng.reporters.JUnitReportReporter -->
<testsuite hostname="DESKTOP-TU5HT4T" failures="0" tests="2" name="org.Example.B" time="0.008" errors="0" timestamp="05 Aug 2023 13:05:16 GMT" skipped="0">
  <testcase classname="org.Example.B" name="Tc032" time="0.001"/>
  <testcase classname="org.Example.B" name="Tc012" time="0.007"/>
</testsuite> <!-- org.Example.B -->
